2017-07-05 04:52:38,334 WARN  [org.jboss.as] (ServerService Thread Pool -- 72) WFLYSRV0213: Failed to connect to host-controller, retrying.
2017-07-05 10:11:34,359 INFO  [org.jboss.as.server] (main) WFLYSRV0240: ProcessController has signalled to shut down; shutting down
2017-07-05 10:11:34,484 INFO  [org.jboss.as.connector.subsystems.datasources] (MSC service thread 1-4) WFLYJCA0010: Unbound data source [java:jboss/datasources/ExampleDS]
2017-07-05 10:11:34,484 INFO  [org.wildfly.extension.messaging-activemq] (MSC service thread 1-4) WFLYMSGAMQ0006: Unbound messaging object to jndi name java:jboss/DefaultJMSConnectionFactory
2017-07-05 10:11:34,484 INFO  [org.jboss.as.connector.subsystems.datasources] (MSC service thread 1-4) WFLYJCA0010: Unbound data source [java:/NVHDDS]
2017-07-05 10:11:34,547 INFO  [org.jboss.as.connector.deployment] (MSC service thread 1-4) WFLYJCA0011: Unbound JCA ConnectionFactory [java:/JmsXA]
2017-07-05 10:11:34,547 INFO  [org.wildfly.extension.undertow] (MSC service thread 1-2) WFLYUT0019: Host default-host stopping
2017-07-05 10:11:34,547 INFO  [org.wildfly.extension.messaging-activemq] (ServerService Thread Pool -- 79) WFLYMSGAMQ0006: Unbound messaging object to jndi name java:jboss/exported/jms/RemoteConnectionFactory
2017-07-05 10:11:34,562 INFO  [org.wildfly.extension.undertow] (MSC service thread 1-4) WFLYUT0008: Undertow HTTPS listener https suspending
2017-07-05 10:11:34,593 INFO  [org.jboss.as.connector.deployers.jdbc] (MSC service thread 1-1) WFLYJCA0019: Stopped Driver service with driver-name = mssql
2017-07-05 10:11:34,593 INFO  [org.jboss.as.connector.deployers.jdbc] (MSC service thread 1-2) WFLYJCA0019: Stopped Driver service with driver-name = h2
2017-07-05 10:11:34,593 INFO  [org.wildfly.extension.undertow] (MSC service thread 1-4) WFLYUT0007: Undertow HTTPS listener https stopped, was bound to 127.0.0.1:8593
2017-07-05 10:11:34,640 INFO  [org.apache.activemq.artemis.ra] (ServerService Thread Pool -- 76) AMQ151003: resource adaptor stopped
2017-07-05 10:11:34,890 INFO  [org.apache.activemq.artemis.core.server] (ServerService Thread Pool -- 76) AMQ221002: Apache ActiveMQ Artemis Message Broker version 1.1.0.wildfly-017 [7b4f89ca-6080-11e7-869b-1d0f37ee9c52] stopped
2017-07-05 10:11:34,890 INFO  [org.wildfly.extension.undertow] (MSC service thread 1-4) WFLYUT0008: Undertow HTTP listener default suspending
2017-07-05 10:11:34,890 INFO  [org.wildfly.extension.undertow] (MSC service thread 1-4) WFLYUT0007: Undertow HTTP listener default stopped, was bound to 127.0.0.1:8230
2017-07-05 10:11:34,905 INFO  [org.wildfly.extension.undertow] (MSC service thread 1-4) WFLYUT0004: Undertow 1.4.0.Final stopping
2017-07-05 10:11:35,030 INFO  [org.jboss.as] (MSC service thread 1-5) WFLYSRV0050: WildFly Full 10.1.0.Final (WildFly Core 2.2.0.Final) stopped in 623ms
2017-07-05 10:12:16,456 INFO  [org.jboss.modules] (main) JBoss Modules version 1.5.2.Final
2017-07-05 10:12:17,184 INFO  [org.jboss.msc] (main) JBoss MSC version 1.2.6.Final
2017-07-05 10:12:17,348 INFO  [org.jboss.as] (MSC service thread 1-6) WFLYSRV0049: WildFly Full 10.1.0.Final (WildFly Core 2.2.0.Final) starting
2017-07-05 10:12:17,350 DEBUG [org.jboss.as.config] (MSC service thread 1-6) Configured system properties:
	[Server:server-two] = 
	awt.toolkit = sun.awt.windows.WToolkit
	file.encoding = Cp1252
	file.encoding.pkg = sun.io
	file.separator = \
	java.awt.graphicsenv = sun.awt.Win32GraphicsEnvironment
	java.awt.printerjob = sun.awt.windows.WPrinterJob
	java.class.path = C:\wildfly-10.1.0.Final\jboss-modules.jar
	java.class.version = 52.0
	java.endorsed.dirs = c:\wildfly-10.1.0.Final\jdk1.8.0_131\jre\lib\endorsed
	java.ext.dirs = c:\wildfly-10.1.0.Final\jdk1.8.0_131\jre\lib\ext;C:\Windows\Sun\Java\lib\ext
	java.home = c:\wildfly-10.1.0.Final\jdk1.8.0_131\jre
	java.io.tmpdir = C:\Users\LT5244\AppData\Local\Temp\
	java.library.path = c:\wildfly-10.1.0.Final\jdk1.8.0_131\bin;C:\Windows\Sun\Java\bin;C:\Windows\system32;C:\Windows;C:\Python27\;C:\Python27\Scripts;C:\ProgramData\Oracle\Java\javapath;C:\oraclexe\app\oracle\product\11.2.0\server\bin;C:\Program Files\Common Files\Microsoft Shared\Windows Live;C:\Program Files (x86)\Common Files\Microsoft Shared\Windows Live;C:\app\LT5244\product\11.2.0\client_2;C:\Program Files (x86)\Common Files\Microsoft BizTalk Adapters for Enterprise Applications\Bin\;C:\app\LT5244\product\11.2.0\client_1\bin;C:\Windows\system32;C:\Windows;C:\Windows\System32\Wbem;C:\UnxUtils\usr\local\wbin;C:\Program Files (x86)\Microsoft SDKs\TypeScript\1.0\;C:\Program Files\Microsoft SQL Server\110\DTS\Binn\;C:\Program Files (x86)\Microsoft SQL Server\110\Tools\Binn\;C:\Program Files\Microsoft SQL Server\110\Tools\Binn\;C:\Program Files (x86)\Microsoft SQL Server\110\Tools\Binn\ManagementStudio\;C:\Program Files (x86)\Microsoft Visual Studio 10.0\Common7\IDE\PrivateAssemblies\;C:\Program Files (x86)\Microsoft SQL Server\110\DTS\Binn\;C:\Program Files (x86)\Microsoft BizTalk Server;C:\Program Files\IIS\Microsoft Web Deploy V3\;C:\Program Files (x86)\LINQPad5;C:\Program Files (x86)\Microsoft SDKs\Windows\v8.0A\bin\NETFX 4.0 Tools;C:\Program Files (x86)\Enterprise Vault\EVClient\;C:\Program Files\IronCAD\2016\bin\;C:\Program Files (x86)\Microsoft SQL Server\120\Tools\Binn\ManagementStudio\;C:\Program Files (x86)\Microsoft SQL Server\120\Tools\Binn\;C:\Program Files (x86)\Microsoft Visual Studio 12.0\Common7\IDE\PrivateAssemblies\;C:\Program Files (x86)\Microsoft SQL Server\120\DTS\Binn\;C:\Program Files\TortoiseSVN\bin;C:\Program Files (x86)\Microsoft BizTalk Server 2013 R2\;C:\Program Files (x86)\Microsoft BizTalk Server 2013 R2\Bins32;C:\Program Files (x86)\Microsoft BizTalk Server 2013 R2\Bins64;C:\Program Files (x86)\Skype\Phone\;C:\Program Files\Microsoft SQL Server\130\Tools\Binn\;C:\Program Files\dotnet\;C:\Program Files (x86)\GtkSharp\2.12\bin;C:\Program Files\Git\cmd;C:\Ruby193\bin;C:\Program Files (x86)\Nmap;C:\Program Files\IIS\Microsoft Web Deploy V3\;C:\ytdl\bin;C:\wildfly-10.1.0.Final\bin;.
	java.net.preferIPv4Stack = true
	java.runtime.name = Java(TM) SE Runtime Environment
	java.runtime.version = 1.8.0_131-b11
	java.specification.name = Java Platform API Specification
	java.specification.vendor = Oracle Corporation
	java.specification.version = 1.8
	java.util.logging.manager = org.jboss.logmanager.LogManager
	java.vendor = Oracle Corporation
	java.vendor.url = http://java.oracle.com/
	java.vendor.url.bug = http://bugreport.sun.com/bugreport/
	java.version = 1.8.0_131
	java.vm.info = mixed mode
	java.vm.name = Java HotSpot(TM) 64-Bit Server VM
	java.vm.specification.name = Java Virtual Machine Specification
	java.vm.specification.vendor = Oracle Corporation
	java.vm.specification.version = 1.8
	java.vm.vendor = Oracle Corporation
	java.vm.version = 25.131-b11
	javax.management.builder.initial = org.jboss.as.jmx.PluggableMBeanServerBuilder
	javax.xml.datatype.DatatypeFactory = __redirected.__DatatypeFactory
	javax.xml.parsers.DocumentBuilderFactory = __redirected.__DocumentBuilderFactory
	javax.xml.parsers.SAXParserFactory = __redirected.__SAXParserFactory
	javax.xml.stream.XMLEventFactory = __redirected.__XMLEventFactory
	javax.xml.stream.XMLInputFactory = __redirected.__XMLInputFactory
	javax.xml.stream.XMLOutputFactory = __redirected.__XMLOutputFactory
	javax.xml.transform.TransformerFactory = __redirected.__TransformerFactory
	javax.xml.validation.SchemaFactory:http://www.w3.org/2001/XMLSchema = __redirected.__SchemaFactory
	javax.xml.xpath.XPathFactory:http://java.sun.com/jaxp/xpath/dom = __redirected.__XPathFactory
	jboss.domain.base.dir = C:\wildfly-10.1.0.Final\domain
	jboss.domain.config.dir = C:\wildfly-10.1.0.Final\domain\configuration
	jboss.home.dir = C:\wildfly-10.1.0.Final
	jboss.host.name = ltpc02yewe
	jboss.modules.dir = C:\wildfly-10.1.0.Final\modules
	jboss.modules.system.pkgs = org.jboss.byteman
	jboss.node.name = master:server-two
	jboss.qualified.host.name = ltpc02yewe
	jboss.server.base.dir = C:\wildfly-10.1.0.Final\domain\servers\server-two
	jboss.server.config.dir = C:\wildfly-10.1.0.Final\domain\servers\server-two\configuration
	jboss.server.data.dir = C:\wildfly-10.1.0.Final\domain\servers\server-two\data
	jboss.server.deploy.dir = C:\wildfly-10.1.0.Final\domain\servers\server-two\data\content
	jboss.server.log.dir = C:\wildfly-10.1.0.Final\domain\servers\server-two\log
	jboss.server.name = server-two
	jboss.server.persist.config = true
	jboss.server.temp.dir = C:\wildfly-10.1.0.Final\domain\servers\server-two\tmp
	line.separator = 

	logging.configuration = file:C:\wildfly-10.1.0.Final\domain\servers\server-two\data\logging.properties
	module.path = C:\wildfly-10.1.0.Final\modules
	org.jboss.resolver.warning = true
	org.xml.sax.driver = __redirected.__XMLReaderFactory
	os.arch = amd64
	os.name = Windows 7
	os.version = 6.1
	path.separator = ;
	sun.arch.data.model = 64
	sun.boot.class.path = c:\wildfly-10.1.0.Final\jdk1.8.0_131\jre\lib\resources.jar;c:\wildfly-10.1.0.Final\jdk1.8.0_131\jre\lib\rt.jar;c:\wildfly-10.1.0.Final\jdk1.8.0_131\jre\lib\sunrsasign.jar;c:\wildfly-10.1.0.Final\jdk1.8.0_131\jre\lib\jsse.jar;c:\wildfly-10.1.0.Final\jdk1.8.0_131\jre\lib\jce.jar;c:\wildfly-10.1.0.Final\jdk1.8.0_131\jre\lib\charsets.jar;c:\wildfly-10.1.0.Final\jdk1.8.0_131\jre\lib\jfr.jar;c:\wildfly-10.1.0.Final\jdk1.8.0_131\jre\classes
	sun.boot.library.path = c:\wildfly-10.1.0.Final\jdk1.8.0_131\jre\bin
	sun.cpu.endian = little
	sun.cpu.isalist = amd64
	sun.desktop = windows
	sun.io.unicode.encoding = UnicodeLittle
	sun.java.command = C:\wildfly-10.1.0.Final\jboss-modules.jar -mp C:\wildfly-10.1.0.Final\modules org.jboss.as.server
	sun.java.launcher = SUN_STANDARD
	sun.jnu.encoding = Cp1252
	sun.management.compiler = HotSpot 64-Bit Tiered Compilers
	sun.os.patch.level = Service Pack 1
	user.country = GB
	user.dir = C:\wildfly-10.1.0.Final
	user.home = C:\Users\LT5244
	user.language = en
	user.name = LT5244
	user.script = 
	user.timezone = Europe/London
	user.variant = 
2017-07-05 10:12:17,351 DEBUG [org.jboss.as.config] (MSC service thread 1-6) VM Arguments: -D[Server:server-two] -Xms64m -Xmx512m -XX:MetaspaceSize=96m -XX:MaxMetaspaceSize=256m -Djava.net.preferIPv4Stack=true -Djboss.home.dir=C:\wildfly-10.1.0.Final -Djboss.modules.system.pkgs=org.jboss.byteman -Djboss.server.log.dir=C:\wildfly-10.1.0.Final\domain\servers\server-two\log -Djboss.server.temp.dir=C:\wildfly-10.1.0.Final\domain\servers\server-two\tmp -Djboss.server.data.dir=C:\wildfly-10.1.0.Final\domain\servers\server-two\data -Dlogging.configuration=file:C:\wildfly-10.1.0.Final\domain\servers\server-two\data\logging.properties 
2017-07-05 10:12:17,558 INFO  [org.xnio] (MSC service thread 1-3) XNIO version 3.4.0.Final
2017-07-05 10:12:17,572 INFO  [org.xnio.nio] (MSC service thread 1-3) XNIO NIO Implementation Version 3.4.0.Final
2017-07-05 10:12:19,746 INFO  [org.jboss.remoting] (MSC service thread 1-3) JBoss Remoting version 4.0.21.Final
2017-07-05 10:12:27,515 WARN  [org.jboss.as.txn] (ServerService Thread Pool -- 36) WFLYTX0013: Node identifier property is set to the default value. Please make sure it is unique.
2017-07-05 10:12:27,706 INFO  [org.jboss.as.security] (ServerService Thread Pool -- 38) WFLYSEC0002: Activating Security Subsystem
2017-07-05 10:12:27,703 INFO  [org.jboss.as.connector.subsystems.datasources] (ServerService Thread Pool -- 59) WFLYJCA0004: Deploying JDBC-compliant driver class org.h2.Driver (version 1.3)
2017-07-05 10:12:27,788 INFO  [org.jboss.as.security] (MSC service thread 1-7) WFLYSEC0001: Current PicketBox version=4.9.6.Final
2017-07-05 10:12:28,121 INFO  [org.jboss.as.webservices] (ServerService Thread Pool -- 34) WFLYWS0002: Activating WebServices Extension
2017-07-05 10:12:28,143 INFO  [org.jboss.as.connector.subsystems.datasources] (ServerService Thread Pool -- 59) WFLYJCA0004: Deploying JDBC-compliant driver class com.microsoft.sqlserver.jdbc.SQLServerDriver (version 6.0)
2017-07-05 10:12:28,156 INFO  [org.jboss.as.clustering.infinispan] (ServerService Thread Pool -- 55) WFLYCLINF0001: Activating Infinispan subsystem.
2017-07-05 10:12:28,266 INFO  [org.jboss.as.naming] (ServerService Thread Pool -- 44) WFLYNAM0001: Activating Naming Subsystem
2017-07-05 10:12:28,343 INFO  [org.wildfly.extension.undertow] (MSC service thread 1-3) WFLYUT0003: Undertow 1.4.0.Final starting
2017-07-05 10:12:28,396 INFO  [org.jboss.as.jsf] (ServerService Thread Pool -- 48) WFLYJSF0007: Activated the following JSF Implementations: [main]
2017-07-05 10:12:28,490 INFO  [org.wildfly.iiop.openjdk] (ServerService Thread Pool -- 54) WFLYIIOP0001: Activating IIOP Subsystem
2017-07-05 10:12:28,668 INFO  [org.wildfly.extension.io] (ServerService Thread Pool -- 56) WFLYIO001: Worker 'default' has auto-configured to 8 core threads with 64 task threads based on your 4 available processors
2017-07-05 10:12:28,690 INFO  [org.jboss.as.naming] (MSC service thread 1-3) WFLYNAM0003: Starting Naming Service
2017-07-05 10:12:28,708 INFO  [org.jboss.as.connector] (MSC service thread 1-3) WFLYJCA0009: Starting JCA Subsystem (WildFly/IronJacamar 1.3.4.Final)
2017-07-05 10:12:28,730 INFO  [org.jboss.as.connector.deployers.jdbc] (MSC service thread 1-4) WFLYJCA0018: Started Driver service with driver-name = mssql
2017-07-05 10:12:28,727 INFO  [org.jboss.as.connector.deployers.jdbc] (MSC service thread 1-5) WFLYJCA0018: Started Driver service with driver-name = h2
2017-07-05 10:12:28,831 INFO  [org.jboss.as.mail.extension] (MSC service thread 1-1) WFLYMAIL0001: Bound mail session [java:jboss/mail/Default]
2017-07-05 10:12:28,843 INFO  [org.wildfly.extension.undertow] (ServerService Thread Pool -- 35) WFLYUT0014: Creating file handler for path 'C:\wildfly-10.1.0.Final/welcome-content' with options [directory-listing: 'false', follow-symlink: 'false', case-sensitive: 'true', safe-symlink-paths: '[]']
2017-07-05 10:12:29,595 INFO  [org.jboss.as.ejb3] (MSC service thread 1-6) WFLYEJB0482: Strict pool mdb-strict-max-pool is using a max instance size of 16 (per class), which is derived from the number of CPUs on this host.
2017-07-05 10:12:29,627 INFO  [org.wildfly.extension.undertow] (MSC service thread 1-6) WFLYUT0012: Started server default-server.
2017-07-05 10:12:29,627 INFO  [org.wildfly.extension.undertow] (MSC service thread 1-6) WFLYUT0018: Host default-host starting
2017-07-05 10:12:30,079 INFO  [org.jboss.as.ejb3] (MSC service thread 1-8) WFLYEJB0481: Strict pool slsb-strict-max-pool is using a max instance size of 64 (per class), which is derived from thread worker pool sizing.
2017-07-05 10:12:30,110 INFO  [org.wildfly.extension.undertow] (MSC service thread 1-6) WFLYUT0006: Undertow HTTP listener default listening on 127.0.0.1:8230
2017-07-05 10:12:30,829 INFO  [org.wildfly.extension.messaging-activemq] (MSC service thread 1-8) WFLYMSGAMQ0001: AIO wasn't located on this platform, it will fall back to using pure Java NIO.
2017-07-05 10:12:31,000 WARN  [org.jboss.as.domain.management.security] (MSC service thread 1-5) WFLYDM0111: Keystore C:\wildfly-10.1.0.Final\domain\configuration\application.keystore not found, it will be auto generated on first use with a self signed certificate for host localhost
2017-07-05 10:12:31,188 INFO  [org.infinispan.factories.GlobalComponentRegistry] (MSC service thread 1-6) ISPN000128: Infinispan version: Infinispan 'Chakra' 8.2.4.Final
2017-07-05 10:12:31,375 INFO  [org.wildfly.iiop.openjdk] (MSC service thread 1-2) WFLYIIOP0009: CORBA ORB Service started
2017-07-05 10:12:31,437 INFO  [org.infinispan.configuration.cache.EvictionConfigurationBuilder] (ServerService Thread Pool -- 66) ISPN000152: Passivation configured without an eviction policy being selected. Only manually evicted entities will be passivated.
2017-07-05 10:12:31,437 INFO  [org.infinispan.configuration.cache.EvictionConfigurationBuilder] (ServerService Thread Pool -- 67) ISPN000152: Passivation configured without an eviction policy being selected. Only manually evicted entities will be passivated.
2017-07-05 10:12:31,437 INFO  [org.infinispan.configuration.cache.EvictionConfigurationBuilder] (ServerService Thread Pool -- 66) ISPN000152: Passivation configured without an eviction policy being selected. Only manually evicted entities will be passivated.
2017-07-05 10:12:31,453 INFO  [org.wildfly.extension.undertow] (MSC service thread 1-5) WFLYUT0006: Undertow HTTPS listener https listening on 127.0.0.1:8593
2017-07-05 10:12:31,468 INFO  [org.infinispan.configuration.cache.EvictionConfigurationBuilder] (ServerService Thread Pool -- 67) ISPN000152: Passivation configured without an eviction policy being selected. Only manually evicted entities will be passivated.
2017-07-05 10:12:31,468 INFO  [org.infinispan.configuration.cache.EvictionConfigurationBuilder] (ServerService Thread Pool -- 65) ISPN000152: Passivation configured without an eviction policy being selected. Only manually evicted entities will be passivated.
2017-07-05 10:12:31,468 INFO  [org.infinispan.configuration.cache.EvictionConfigurationBuilder] (ServerService Thread Pool -- 65) ISPN000152: Passivation configured without an eviction policy being selected. Only manually evicted entities will be passivated.
2017-07-05 10:12:31,484 INFO  [org.apache.activemq.artemis.core.server] (ServerService Thread Pool -- 63) AMQ221000: live Message Broker is starting with configuration Broker Configuration (clustered=false,journalDirectory=C:\wildfly-10.1.0.Final\domain\servers\server-two\data\activemq\journal,bindingsDirectory=C:\wildfly-10.1.0.Final\domain\servers\server-two\data\activemq\bindings,largeMessagesDirectory=C:\wildfly-10.1.0.Final\domain\servers\server-two\data\activemq\largemessages,pagingDirectory=C:\wildfly-10.1.0.Final\domain\servers\server-two\data\activemq\paging)
2017-07-05 10:12:31,546 INFO  [org.apache.activemq.artemis.core.server] (ServerService Thread Pool -- 63) AMQ221013: Using NIO Journal
2017-07-05 10:12:31,562 INFO  [org.jboss.as.connector.subsystems.datasources.AbstractDataSourceService$AS7DataSourceDeployer] (MSC service thread 1-6) IJ020018: Enabling <validate-on-match> for java:/NVHDDS
2017-07-05 10:12:31,593 INFO  [org.jboss.as.connector.subsystems.datasources] (MSC service thread 1-2) WFLYJCA0001: Bound data source [java:/NVHDDS]
2017-07-05 10:12:31,609 INFO  [org.jboss.as.connector.subsystems.datasources] (MSC service thread 1-1) WFLYJCA0001: Bound data source [java:jboss/datasources/ExampleDS]
2017-07-05 10:12:31,640 INFO  [org.jboss.ws.common.management] (MSC service thread 1-5) JBWS022052: Starting JBossWS 5.1.5.Final (Apache CXF 3.1.6) 
2017-07-05 10:12:31,749 INFO  [org.apache.activemq.artemis.core.server] (ServerService Thread Pool -- 63) AMQ221043: Protocol module found: [artemis-server]. Adding protocol support for: CORE
2017-07-05 10:12:31,749 INFO  [org.apache.activemq.artemis.core.server] (ServerService Thread Pool -- 63) AMQ221043: Protocol module found: [artemis-amqp-protocol]. Adding protocol support for: AMQP
2017-07-05 10:12:31,765 INFO  [org.apache.activemq.artemis.core.server] (ServerService Thread Pool -- 63) AMQ221043: Protocol module found: [artemis-hornetq-protocol]. Adding protocol support for: HORNETQ
2017-07-05 10:12:31,765 INFO  [org.apache.activemq.artemis.core.server] (ServerService Thread Pool -- 63) AMQ221043: Protocol module found: [artemis-stomp-protocol]. Adding protocol support for: STOMP
2017-07-05 10:12:32,250 INFO  [org.wildfly.extension.messaging-activemq] (MSC service thread 1-8) WFLYMSGAMQ0016: Registered HTTP upgrade for activemq-remoting protocol handled by http-acceptor acceptor
2017-07-05 10:12:32,250 INFO  [org.wildfly.extension.messaging-activemq] (MSC service thread 1-1) WFLYMSGAMQ0016: Registered HTTP upgrade for activemq-remoting protocol handled by http-acceptor-throughput acceptor
2017-07-05 10:12:32,172 INFO  [org.wildfly.extension.messaging-activemq] (MSC service thread 1-6) WFLYMSGAMQ0016: Registered HTTP upgrade for activemq-remoting protocol handled by http-acceptor-throughput acceptor
2017-07-05 10:12:32,250 INFO  [org.wildfly.extension.messaging-activemq] (MSC service thread 1-8) WFLYMSGAMQ0016: Registered HTTP upgrade for activemq-remoting protocol handled by http-acceptor acceptor
2017-07-05 10:12:32,450 INFO  [org.apache.activemq.artemis.core.server] (ServerService Thread Pool -- 63) AMQ221007: Server is now live
2017-07-05 10:12:32,450 INFO  [org.apache.activemq.artemis.core.server] (ServerService Thread Pool -- 63) AMQ221001: Apache ActiveMQ Artemis Message Broker version 1.1.0.wildfly-017 [nodeID=7b4f89ca-6080-11e7-869b-1d0f37ee9c52] 
2017-07-05 10:12:32,481 INFO  [org.wildfly.extension.messaging-activemq] (ServerService Thread Pool -- 63) WFLYMSGAMQ0002: Bound messaging object to jndi name java:/ConnectionFactory
2017-07-05 10:12:32,528 INFO  [org.apache.activemq.artemis.core.server] (ServerService Thread Pool -- 68) AMQ221003: trying to deploy queue jms.queue.ExpiryQueue
2017-07-05 10:12:32,543 INFO  [org.apache.activemq.artemis.core.server] (ServerService Thread Pool -- 62) AMQ221003: trying to deploy queue jms.queue.DLQ
2017-07-05 10:12:32,559 INFO  [org.wildfly.extension.messaging-activemq] (ServerService Thread Pool -- 64) WFLYMSGAMQ0002: Bound messaging object to jndi name java:jboss/exported/jms/RemoteConnectionFactory
2017-07-05 10:12:32,574 INFO  [org.jboss.as.connector.deployment] (MSC service thread 1-4) WFLYJCA0007: Registered connection factory java:/JmsXA
2017-07-05 10:12:32,637 INFO  [org.apache.activemq.artemis.ra] (MSC service thread 1-4) Resource adaptor started
2017-07-05 10:12:32,637 INFO  [org.jboss.as.connector.services.resourceadapters.ResourceAdapterActivatorService$ResourceAdapterActivator] (MSC service thread 1-4) IJ020002: Deployed: file://RaActivatoractivemq-ra
2017-07-05 10:12:32,637 INFO  [org.jboss.as.connector.deployment] (MSC service thread 1-8) WFLYJCA0002: Bound JCA ConnectionFactory [java:/JmsXA]
2017-07-05 10:12:32,637 INFO  [org.wildfly.extension.messaging-activemq] (MSC service thread 1-8) WFLYMSGAMQ0002: Bound messaging object to jndi name java:jboss/DefaultJMSConnectionFactory
2017-07-05 10:12:32,964 INFO  [org.jboss.as] (Controller Boot Thread) WFLYSRV0025: WildFly Full 10.1.0.Final (WildFly Core 2.2.0.Final) started in 18760ms - Started 366 of 613 services (406 services are lazy, passive or on-demand)
2017-07-05 10:16:51,424 INFO  [org.jboss.as.server] (main) WFLYSRV0240: ProcessController has signalled to shut down; shutting down
2017-07-05 10:16:51,720 INFO  [org.jboss.as.connector.subsystems.datasources] (MSC service thread 1-7) WFLYJCA0010: Unbound data source [java:jboss/datasources/ExampleDS]
2017-07-05 10:16:51,736 INFO  [org.wildfly.extension.messaging-activemq] (MSC service thread 1-7) WFLYMSGAMQ0006: Unbound messaging object to jndi name java:jboss/DefaultJMSConnectionFactory
2017-07-05 10:16:51,736 INFO  [org.jboss.as.connector.subsystems.datasources] (MSC service thread 1-7) WFLYJCA0010: Unbound data source [java:/NVHDDS]
2017-07-05 10:16:51,783 INFO  [org.jboss.as.connector.deployment] (MSC service thread 1-3) WFLYJCA0011: Unbound JCA ConnectionFactory [java:/JmsXA]
2017-07-05 10:16:51,783 INFO  [org.wildfly.extension.messaging-activemq] (ServerService Thread Pool -- 72) WFLYMSGAMQ0006: Unbound messaging object to jndi name java:jboss/exported/jms/RemoteConnectionFactory
2017-07-05 10:16:51,830 INFO  [org.wildfly.extension.undertow] (MSC service thread 1-2) WFLYUT0008: Undertow HTTPS listener https suspending
2017-07-05 10:16:51,861 INFO  [org.wildfly.extension.undertow] (MSC service thread 1-1) WFLYUT0019: Host default-host stopping
2017-07-05 10:16:51,861 INFO  [org.jboss.as.connector.deployers.jdbc] (MSC service thread 1-7) WFLYJCA0019: Stopped Driver service with driver-name = h2
2017-07-05 10:16:51,861 INFO  [org.jboss.as.connector.deployers.jdbc] (MSC service thread 1-6) WFLYJCA0019: Stopped Driver service with driver-name = mssql
2017-07-05 10:16:51,892 INFO  [org.wildfly.extension.undertow] (MSC service thread 1-2) WFLYUT0007: Undertow HTTPS listener https stopped, was bound to 127.0.0.1:8593
2017-07-05 10:16:52,001 INFO  [org.apache.activemq.artemis.ra] (ServerService Thread Pool -- 73) AMQ151003: resource adaptor stopped
2017-07-05 10:16:52,266 INFO  [org.apache.activemq.artemis.core.server] (ServerService Thread Pool -- 73) AMQ221002: Apache ActiveMQ Artemis Message Broker version 1.1.0.wildfly-017 [7b4f89ca-6080-11e7-869b-1d0f37ee9c52] stopped
2017-07-05 10:16:52,266 INFO  [org.wildfly.extension.undertow] (MSC service thread 1-1) WFLYUT0008: Undertow HTTP listener default suspending
2017-07-05 10:16:52,266 INFO  [org.wildfly.extension.undertow] (MSC service thread 1-1) WFLYUT0007: Undertow HTTP listener default stopped, was bound to 127.0.0.1:8230
2017-07-05 10:16:52,266 INFO  [org.wildfly.extension.undertow] (MSC service thread 1-1) WFLYUT0004: Undertow 1.4.0.Final stopping
2017-07-05 10:16:52,313 INFO  [org.jboss.as] (MSC service thread 1-2) WFLYSRV0050: WildFly Full 10.1.0.Final (WildFly Core 2.2.0.Final) stopped in 862ms
2017-07-05 10:17:08,276 INFO  [org.jboss.modules] (main) JBoss Modules version 1.5.2.Final
2017-07-05 10:17:08,705 INFO  [org.jboss.msc] (main) JBoss MSC version 1.2.6.Final
2017-07-05 10:17:08,924 INFO  [org.jboss.as] (MSC service thread 1-8) WFLYSRV0049: WildFly Full 10.1.0.Final (WildFly Core 2.2.0.Final) starting
2017-07-05 10:17:08,924 DEBUG [org.jboss.as.config] (MSC service thread 1-8) Configured system properties:
	[Server:server-two] = 
	awt.toolkit = sun.awt.windows.WToolkit
	file.encoding = Cp1252
	file.encoding.pkg = sun.io
	file.separator = \
	java.awt.graphicsenv = sun.awt.Win32GraphicsEnvironment
	java.awt.printerjob = sun.awt.windows.WPrinterJob
	java.class.path = C:\wildfly-10.1.0.Final\jboss-modules.jar
	java.class.version = 52.0
	java.endorsed.dirs = c:\wildfly-10.1.0.Final\jdk1.8.0_131\jre\lib\endorsed
	java.ext.dirs = c:\wildfly-10.1.0.Final\jdk1.8.0_131\jre\lib\ext;C:\Windows\Sun\Java\lib\ext
	java.home = c:\wildfly-10.1.0.Final\jdk1.8.0_131\jre
	java.io.tmpdir = C:\Users\LT5244\AppData\Local\Temp\
	java.library.path = c:\wildfly-10.1.0.Final\jdk1.8.0_131\bin;C:\Windows\Sun\Java\bin;C:\Windows\system32;C:\Windows;C:\Python27\;C:\Python27\Scripts;C:\ProgramData\Oracle\Java\javapath;C:\oraclexe\app\oracle\product\11.2.0\server\bin;C:\Program Files\Common Files\Microsoft Shared\Windows Live;C:\Program Files (x86)\Common Files\Microsoft Shared\Windows Live;C:\app\LT5244\product\11.2.0\client_2;C:\Program Files (x86)\Common Files\Microsoft BizTalk Adapters for Enterprise Applications\Bin\;C:\app\LT5244\product\11.2.0\client_1\bin;C:\Windows\system32;C:\Windows;C:\Windows\System32\Wbem;C:\UnxUtils\usr\local\wbin;C:\Program Files (x86)\Microsoft SDKs\TypeScript\1.0\;C:\Program Files\Microsoft SQL Server\110\DTS\Binn\;C:\Program Files (x86)\Microsoft SQL Server\110\Tools\Binn\;C:\Program Files\Microsoft SQL Server\110\Tools\Binn\;C:\Program Files (x86)\Microsoft SQL Server\110\Tools\Binn\ManagementStudio\;C:\Program Files (x86)\Microsoft Visual Studio 10.0\Common7\IDE\PrivateAssemblies\;C:\Program Files (x86)\Microsoft SQL Server\110\DTS\Binn\;C:\Program Files (x86)\Microsoft BizTalk Server;C:\Program Files\IIS\Microsoft Web Deploy V3\;C:\Program Files (x86)\LINQPad5;C:\Program Files (x86)\Microsoft SDKs\Windows\v8.0A\bin\NETFX 4.0 Tools;C:\Program Files (x86)\Enterprise Vault\EVClient\;C:\Program Files\IronCAD\2016\bin\;C:\Program Files (x86)\Microsoft SQL Server\120\Tools\Binn\ManagementStudio\;C:\Program Files (x86)\Microsoft SQL Server\120\Tools\Binn\;C:\Program Files (x86)\Microsoft Visual Studio 12.0\Common7\IDE\PrivateAssemblies\;C:\Program Files (x86)\Microsoft SQL Server\120\DTS\Binn\;C:\Program Files\TortoiseSVN\bin;C:\Program Files (x86)\Microsoft BizTalk Server 2013 R2\;C:\Program Files (x86)\Microsoft BizTalk Server 2013 R2\Bins32;C:\Program Files (x86)\Microsoft BizTalk Server 2013 R2\Bins64;C:\Program Files (x86)\Skype\Phone\;C:\Program Files\Microsoft SQL Server\130\Tools\Binn\;C:\Program Files\dotnet\;C:\Program Files (x86)\GtkSharp\2.12\bin;C:\Program Files\Git\cmd;C:\Ruby193\bin;C:\Program Files (x86)\Nmap;C:\Program Files\IIS\Microsoft Web Deploy V3\;C:\ytdl\bin;C:\wildfly-10.1.0.Final\bin;.
	java.net.preferIPv4Stack = true
	java.runtime.name = Java(TM) SE Runtime Environment
	java.runtime.version = 1.8.0_131-b11
	java.specification.name = Java Platform API Specification
	java.specification.vendor = Oracle Corporation
	java.specification.version = 1.8
	java.util.logging.manager = org.jboss.logmanager.LogManager
	java.vendor = Oracle Corporation
	java.vendor.url = http://java.oracle.com/
	java.vendor.url.bug = http://bugreport.sun.com/bugreport/
	java.version = 1.8.0_131
	java.vm.info = mixed mode
	java.vm.name = Java HotSpot(TM) 64-Bit Server VM
	java.vm.specification.name = Java Virtual Machine Specification
	java.vm.specification.vendor = Oracle Corporation
	java.vm.specification.version = 1.8
	java.vm.vendor = Oracle Corporation
	java.vm.version = 25.131-b11
	javax.management.builder.initial = org.jboss.as.jmx.PluggableMBeanServerBuilder
	javax.xml.datatype.DatatypeFactory = __redirected.__DatatypeFactory
	javax.xml.parsers.DocumentBuilderFactory = __redirected.__DocumentBuilderFactory
	javax.xml.parsers.SAXParserFactory = __redirected.__SAXParserFactory
	javax.xml.stream.XMLEventFactory = __redirected.__XMLEventFactory
	javax.xml.stream.XMLInputFactory = __redirected.__XMLInputFactory
	javax.xml.stream.XMLOutputFactory = __redirected.__XMLOutputFactory
	javax.xml.transform.TransformerFactory = __redirected.__TransformerFactory
	javax.xml.validation.SchemaFactory:http://www.w3.org/2001/XMLSchema = __redirected.__SchemaFactory
	javax.xml.xpath.XPathFactory:http://java.sun.com/jaxp/xpath/dom = __redirected.__XPathFactory
	jboss.domain.base.dir = C:\wildfly-10.1.0.Final\domain
	jboss.domain.config.dir = C:\wildfly-10.1.0.Final\domain\configuration
	jboss.home.dir = C:\wildfly-10.1.0.Final
	jboss.host.name = ltpc02yewe
	jboss.modules.dir = C:\wildfly-10.1.0.Final\modules
	jboss.modules.system.pkgs = org.jboss.byteman
	jboss.node.name = master:server-two
	jboss.qualified.host.name = ltpc02yewe
	jboss.server.base.dir = C:\wildfly-10.1.0.Final\domain\servers\server-two
	jboss.server.config.dir = C:\wildfly-10.1.0.Final\domain\servers\server-two\configuration
	jboss.server.data.dir = C:\wildfly-10.1.0.Final\domain\servers\server-two\data
	jboss.server.deploy.dir = C:\wildfly-10.1.0.Final\domain\servers\server-two\data\content
	jboss.server.log.dir = C:\wildfly-10.1.0.Final\domain\servers\server-two\log
	jboss.server.name = server-two
	jboss.server.persist.config = true
	jboss.server.temp.dir = C:\wildfly-10.1.0.Final\domain\servers\server-two\tmp
	line.separator = 

	logging.configuration = file:C:\wildfly-10.1.0.Final\domain\servers\server-two\data\logging.properties
	module.path = C:\wildfly-10.1.0.Final\modules
	org.jboss.resolver.warning = true
	org.xml.sax.driver = __redirected.__XMLReaderFactory
	os.arch = amd64
	os.name = Windows 7
	os.version = 6.1
	path.separator = ;
	sun.arch.data.model = 64
	sun.boot.class.path = c:\wildfly-10.1.0.Final\jdk1.8.0_131\jre\lib\resources.jar;c:\wildfly-10.1.0.Final\jdk1.8.0_131\jre\lib\rt.jar;c:\wildfly-10.1.0.Final\jdk1.8.0_131\jre\lib\sunrsasign.jar;c:\wildfly-10.1.0.Final\jdk1.8.0_131\jre\lib\jsse.jar;c:\wildfly-10.1.0.Final\jdk1.8.0_131\jre\lib\jce.jar;c:\wildfly-10.1.0.Final\jdk1.8.0_131\jre\lib\charsets.jar;c:\wildfly-10.1.0.Final\jdk1.8.0_131\jre\lib\jfr.jar;c:\wildfly-10.1.0.Final\jdk1.8.0_131\jre\classes
	sun.boot.library.path = c:\wildfly-10.1.0.Final\jdk1.8.0_131\jre\bin
	sun.cpu.endian = little
	sun.cpu.isalist = amd64
	sun.desktop = windows
	sun.io.unicode.encoding = UnicodeLittle
	sun.java.command = C:\wildfly-10.1.0.Final\jboss-modules.jar -mp C:\wildfly-10.1.0.Final\modules org.jboss.as.server
	sun.java.launcher = SUN_STANDARD
	sun.jnu.encoding = Cp1252
	sun.management.compiler = HotSpot 64-Bit Tiered Compilers
	sun.os.patch.level = Service Pack 1
	user.country = GB
	user.dir = C:\wildfly-10.1.0.Final
	user.home = C:\Users\LT5244
	user.language = en
	user.name = LT5244
	user.script = 
	user.timezone = Europe/London
	user.variant = 
2017-07-05 10:17:08,924 DEBUG [org.jboss.as.config] (MSC service thread 1-8) VM Arguments: -D[Server:server-two] -Xms64m -Xmx512m -XX:MetaspaceSize=96m -XX:MaxMetaspaceSize=256m -Djava.net.preferIPv4Stack=true -Djboss.home.dir=C:\wildfly-10.1.0.Final -Djboss.modules.system.pkgs=org.jboss.byteman -Djboss.server.log.dir=C:\wildfly-10.1.0.Final\domain\servers\server-two\log -Djboss.server.temp.dir=C:\wildfly-10.1.0.Final\domain\servers\server-two\tmp -Djboss.server.data.dir=C:\wildfly-10.1.0.Final\domain\servers\server-two\data -Dlogging.configuration=file:C:\wildfly-10.1.0.Final\domain\servers\server-two\data\logging.properties 
2017-07-05 10:17:09,064 INFO  [org.xnio] (MSC service thread 1-5) XNIO version 3.4.0.Final
2017-07-05 10:17:09,080 INFO  [org.xnio.nio] (MSC service thread 1-5) XNIO NIO Implementation Version 3.4.0.Final
2017-07-05 10:17:11,625 INFO  [org.jboss.remoting] (MSC service thread 1-5) JBoss Remoting version 4.0.21.Final
2017-07-05 10:17:15,770 INFO  [org.jboss.as.connector.subsystems.datasources] (ServerService Thread Pool -- 59) WFLYJCA0004: Deploying JDBC-compliant driver class org.h2.Driver (version 1.3)
2017-07-05 10:17:15,755 WARN  [org.jboss.as.txn] (ServerService Thread Pool -- 36) WFLYTX0013: Node identifier property is set to the default value. Please make sure it is unique.
2017-07-05 10:17:15,802 INFO  [org.jboss.as.security] (ServerService Thread Pool -- 38) WFLYSEC0002: Activating Security Subsystem
2017-07-05 10:17:15,817 INFO  [org.wildfly.extension.io] (ServerService Thread Pool -- 56) WFLYIO001: Worker 'default' has auto-configured to 8 core threads with 64 task threads based on your 4 available processors
2017-07-05 10:17:15,848 INFO  [org.jboss.as.connector.subsystems.datasources] (ServerService Thread Pool -- 59) WFLYJCA0004: Deploying JDBC-compliant driver class com.microsoft.sqlserver.jdbc.SQLServerDriver (version 6.0)
2017-07-05 10:17:15,848 INFO  [org.jboss.as.webservices] (ServerService Thread Pool -- 34) WFLYWS0002: Activating WebServices Extension
2017-07-05 10:17:15,864 INFO  [org.jboss.as.clustering.infinispan] (ServerService Thread Pool -- 55) WFLYCLINF0001: Activating Infinispan subsystem.
2017-07-05 10:17:15,895 INFO  [org.jboss.as.naming] (ServerService Thread Pool -- 44) WFLYNAM0001: Activating Naming Subsystem
2017-07-05 10:17:15,848 INFO  [org.jboss.as.security] (MSC service thread 1-3) WFLYSEC0001: Current PicketBox version=4.9.6.Final
2017-07-05 10:17:16,004 INFO  [org.wildfly.extension.undertow] (MSC service thread 1-7) WFLYUT0003: Undertow 1.4.0.Final starting
2017-07-05 10:17:16,021 INFO  [org.jboss.as.jsf] (ServerService Thread Pool -- 48) WFLYJSF0007: Activated the following JSF Implementations: [main]
2017-07-05 10:17:16,037 INFO  [org.wildfly.iiop.openjdk] (ServerService Thread Pool -- 54) WFLYIIOP0001: Activating IIOP Subsystem
2017-07-05 10:17:16,083 INFO  [org.jboss.as.mail.extension] (MSC service thread 1-7) WFLYMAIL0001: Bound mail session [java:jboss/mail/Default]
2017-07-05 10:17:16,083 INFO  [org.jboss.as.naming] (MSC service thread 1-8) WFLYNAM0003: Starting Naming Service
2017-07-05 10:17:16,130 INFO  [org.jboss.as.connector] (MSC service thread 1-4) WFLYJCA0009: Starting JCA Subsystem (WildFly/IronJacamar 1.3.4.Final)
2017-07-05 10:17:16,442 INFO  [org.jboss.as.connector.deployers.jdbc] (MSC service thread 1-8) WFLYJCA0018: Started Driver service with driver-name = mssql
2017-07-05 10:17:16,473 INFO  [org.jboss.as.connector.deployers.jdbc] (MSC service thread 1-1) WFLYJCA0018: Started Driver service with driver-name = h2
2017-07-05 10:17:16,598 INFO  [org.wildfly.extension.undertow] (ServerService Thread Pool -- 35) WFLYUT0014: Creating file handler for path 'C:\wildfly-10.1.0.Final/welcome-content' with options [directory-listing: 'false', follow-symlink: 'false', case-sensitive: 'true', safe-symlink-paths: '[]']
2017-07-05 10:17:17,269 INFO  [org.wildfly.extension.undertow] (MSC service thread 1-8) WFLYUT0012: Started server default-server.
2017-07-05 10:17:17,425 INFO  [org.wildfly.extension.undertow] (MSC service thread 1-8) WFLYUT0018: Host default-host starting
2017-07-05 10:17:17,503 INFO  [org.jboss.as.ejb3] (MSC service thread 1-8) WFLYEJB0481: Strict pool slsb-strict-max-pool is using a max instance size of 64 (per class), which is derived from thread worker pool sizing.
2017-07-05 10:17:17,503 INFO  [org.jboss.as.ejb3] (MSC service thread 1-4) WFLYEJB0482: Strict pool mdb-strict-max-pool is using a max instance size of 16 (per class), which is derived from the number of CPUs on this host.
2017-07-05 10:17:17,721 WARN  [org.jboss.as.domain.management.security] (MSC service thread 1-7) WFLYDM0111: Keystore C:\wildfly-10.1.0.Final\domain\configuration\application.keystore not found, it will be auto generated on first use with a self signed certificate for host localhost
2017-07-05 10:17:17,862 INFO  [org.infinispan.factories.GlobalComponentRegistry] (MSC service thread 1-2) ISPN000128: Infinispan version: Infinispan 'Chakra' 8.2.4.Final
2017-07-05 10:17:17,909 INFO  [org.infinispan.configuration.cache.EvictionConfigurationBuilder] (ServerService Thread Pool -- 66) ISPN000152: Passivation configured without an eviction policy being selected. Only manually evicted entities will be passivated.
2017-07-05 10:17:17,909 INFO  [org.infinispan.configuration.cache.EvictionConfigurationBuilder] (ServerService Thread Pool -- 66) ISPN000152: Passivation configured without an eviction policy being selected. Only manually evicted entities will be passivated.
2017-07-05 10:17:17,909 INFO  [org.infinispan.configuration.cache.EvictionConfigurationBuilder] (ServerService Thread Pool -- 62) ISPN000152: Passivation configured without an eviction policy being selected. Only manually evicted entities will be passivated.
2017-07-05 10:17:17,909 INFO  [org.infinispan.configuration.cache.EvictionConfigurationBuilder] (ServerService Thread Pool -- 62) ISPN000152: Passivation configured without an eviction policy being selected. Only manually evicted entities will be passivated.
2017-07-05 10:17:17,909 INFO  [org.infinispan.configuration.cache.EvictionConfigurationBuilder] (ServerService Thread Pool -- 65) ISPN000152: Passivation configured without an eviction policy being selected. Only manually evicted entities will be passivated.
2017-07-05 10:17:17,909 INFO  [org.infinispan.configuration.cache.EvictionConfigurationBuilder] (ServerService Thread Pool -- 65) ISPN000152: Passivation configured without an eviction policy being selected. Only manually evicted entities will be passivated.
2017-07-05 10:17:18,439 INFO  [org.wildfly.extension.undertow] (MSC service thread 1-7) WFLYUT0006: Undertow HTTP listener default listening on 127.0.0.1:8230
2017-07-05 10:17:18,455 INFO  [org.wildfly.extension.undertow] (MSC service thread 1-4) WFLYUT0006: Undertow HTTPS listener https listening on 127.0.0.1:8593
2017-07-05 10:17:18,455 INFO  [org.wildfly.extension.messaging-activemq] (MSC service thread 1-6) WFLYMSGAMQ0001: AIO wasn't located on this platform, it will fall back to using pure Java NIO.
2017-07-05 10:17:18,579 INFO  [org.apache.activemq.artemis.core.server] (ServerService Thread Pool -- 65) AMQ221000: live Message Broker is starting with configuration Broker Configuration (clustered=false,journalDirectory=C:\wildfly-10.1.0.Final\domain\servers\server-two\data\activemq\journal,bindingsDirectory=C:\wildfly-10.1.0.Final\domain\servers\server-two\data\activemq\bindings,largeMessagesDirectory=C:\wildfly-10.1.0.Final\domain\servers\server-two\data\activemq\largemessages,pagingDirectory=C:\wildfly-10.1.0.Final\domain\servers\server-two\data\activemq\paging)
2017-07-05 10:17:18,595 INFO  [org.jboss.ws.common.management] (MSC service thread 1-7) JBWS022052: Starting JBossWS 5.1.5.Final (Apache CXF 3.1.6) 
2017-07-05 10:17:18,642 INFO  [org.apache.activemq.artemis.core.server] (ServerService Thread Pool -- 65) AMQ221013: Using NIO Journal
2017-07-05 10:17:18,720 INFO  [org.jboss.as.connector.subsystems.datasources.AbstractDataSourceService$AS7DataSourceDeployer] (MSC service thread 1-2) IJ020018: Enabling <validate-on-match> for java:/NVHDDS
2017-07-05 10:17:18,767 INFO  [org.jboss.as.connector.subsystems.datasources] (MSC service thread 1-2) WFLYJCA0001: Bound data source [java:/NVHDDS]
2017-07-05 10:17:18,782 INFO  [org.jboss.as.connector.subsystems.datasources] (MSC service thread 1-2) WFLYJCA0001: Bound data source [java:jboss/datasources/ExampleDS]
2017-07-05 10:17:18,798 INFO  [org.wildfly.iiop.openjdk] (MSC service thread 1-3) WFLYIIOP0009: CORBA ORB Service started
2017-07-05 10:17:18,813 INFO  [org.apache.activemq.artemis.core.server] (ServerService Thread Pool -- 65) AMQ221043: Protocol module found: [artemis-server]. Adding protocol support for: CORE
2017-07-05 10:17:18,829 INFO  [org.apache.activemq.artemis.core.server] (ServerService Thread Pool -- 65) AMQ221043: Protocol module found: [artemis-amqp-protocol]. Adding protocol support for: AMQP
2017-07-05 10:17:18,845 INFO  [org.apache.activemq.artemis.core.server] (ServerService Thread Pool -- 65) AMQ221043: Protocol module found: [artemis-hornetq-protocol]. Adding protocol support for: HORNETQ
2017-07-05 10:17:18,845 INFO  [org.apache.activemq.artemis.core.server] (ServerService Thread Pool -- 65) AMQ221043: Protocol module found: [artemis-stomp-protocol]. Adding protocol support for: STOMP
2017-07-05 10:17:19,330 INFO  [org.wildfly.extension.messaging-activemq] (MSC service thread 1-5) WFLYMSGAMQ0016: Registered HTTP upgrade for activemq-remoting protocol handled by http-acceptor acceptor
2017-07-05 10:17:19,330 INFO  [org.wildfly.extension.messaging-activemq] (MSC service thread 1-3) WFLYMSGAMQ0016: Registered HTTP upgrade for activemq-remoting protocol handled by http-acceptor-throughput acceptor
2017-07-05 10:17:19,330 INFO  [org.wildfly.extension.messaging-activemq] (MSC service thread 1-7) WFLYMSGAMQ0016: Registered HTTP upgrade for activemq-remoting protocol handled by http-acceptor acceptor
2017-07-05 10:17:19,330 INFO  [org.wildfly.extension.messaging-activemq] (MSC service thread 1-4) WFLYMSGAMQ0016: Registered HTTP upgrade for activemq-remoting protocol handled by http-acceptor-throughput acceptor
2017-07-05 10:17:19,408 INFO  [org.apache.activemq.artemis.core.server] (ServerService Thread Pool -- 65) AMQ221007: Server is now live
2017-07-05 10:17:19,408 INFO  [org.apache.activemq.artemis.core.server] (ServerService Thread Pool -- 65) AMQ221001: Apache ActiveMQ Artemis Message Broker version 1.1.0.wildfly-017 [nodeID=7b4f89ca-6080-11e7-869b-1d0f37ee9c52] 
2017-07-05 10:17:19,408 INFO  [org.apache.activemq.artemis.core.server] (ServerService Thread Pool -- 65) AMQ221003: trying to deploy queue jms.queue.ExpiryQueue
2017-07-05 10:17:19,486 INFO  [org.wildfly.extension.messaging-activemq] (ServerService Thread Pool -- 62) WFLYMSGAMQ0002: Bound messaging object to jndi name java:/ConnectionFactory
2017-07-05 10:17:19,486 INFO  [org.apache.activemq.artemis.core.server] (ServerService Thread Pool -- 63) AMQ221003: trying to deploy queue jms.queue.DLQ
2017-07-05 10:17:19,486 INFO  [org.wildfly.extension.messaging-activemq] (ServerService Thread Pool -- 64) WFLYMSGAMQ0002: Bound messaging object to jndi name java:jboss/exported/jms/RemoteConnectionFactory
2017-07-05 10:17:19,486 INFO  [org.jboss.as.connector.deployment] (MSC service thread 1-6) WFLYJCA0007: Registered connection factory java:/JmsXA
2017-07-05 10:17:19,549 INFO  [org.apache.activemq.artemis.ra] (MSC service thread 1-6) Resource adaptor started
2017-07-05 10:17:19,549 INFO  [org.jboss.as.connector.services.resourceadapters.ResourceAdapterActivatorService$ResourceAdapterActivator] (MSC service thread 1-6) IJ020002: Deployed: file://RaActivatoractivemq-ra
2017-07-05 10:17:19,549 INFO  [org.wildfly.extension.messaging-activemq] (MSC service thread 1-4) WFLYMSGAMQ0002: Bound messaging object to jndi name java:jboss/DefaultJMSConnectionFactory
2017-07-05 10:17:19,549 INFO  [org.jboss.as.connector.deployment] (MSC service thread 1-5) WFLYJCA0002: Bound JCA ConnectionFactory [java:/JmsXA]
2017-07-05 10:17:19,861 INFO  [org.jboss.as] (Controller Boot Thread) WFLYSRV0025: WildFly Full 10.1.0.Final (WildFly Core 2.2.0.Final) started in 12475ms - Started 366 of 613 services (406 services are lazy, passive or on-demand)
